Log file open, 01/12/19 15:44:42
LogWindows: Failed to load 'aqProf.dll' (GetLastError=126)
LogWindows: File 'aqProf.dll' does not exist
LogWindows: Failed to load 'VSPerf140.dll' (GetLastError=126)
LogWindows: File 'VSPerf140.dll' does not exist
LogWindows: Failed to load 'VtuneApi.dll' (GetLastError=126)
LogWindows: File 'VtuneApi.dll' does not exist
LogWindows: Failed to load 'VtuneApi32e.dll' (GetLastError=126)
LogWindows: File 'VtuneApi32e.dll' does not exist
LogInit: Display: Running engine for game: BossThirdPerson
LogPlatformFile: Not using cached read wrapper
LogTaskGraph: Started task graph with 5 named threads and 14 total threads with 3 sets of task threads.
LogStats: Stats thread started at 0.209098
LogD3D11RHI: Loaded GFSDK_Aftermath_Lib.x64.dll
LogICUInternationalization: Display: ICU TimeZone Detection - Raw Offset: +1:00, Platform Override: ''
LogPluginManager: Mounting plugin Paper2D
LogPluginManager: Mounting plugin AISupport
LogPluginManager: Mounting plugin LightPropagationVolume
LogPluginManager: Mounting plugin CLionSourceCodeAccess
LogPluginManager: Mounting plugin CodeLiteSourceCodeAccess
LogPluginManager: Mounting plugin GitSourceControl
LogPluginManager: Mounting plugin KDevelopSourceCodeAccess
LogPluginManager: Mounting plugin NullSourceCodeAccess
LogPluginManager: Mounting plugin PerforceSourceControl
LogPluginManager: Mounting plugin SubversionSourceControl
LogPluginManager: Mounting plugin UObjectPlugin
LogPluginManager: Mounting plugin VisualStudioCodeSourceCodeAccess
LogPluginManager: Mounting plugin VisualStudioSourceCodeAccess
LogPluginManager: Mounting plugin XCodeSourceCodeAccess
LogPluginManager: Mounting plugin AssetManagerEditor
LogPluginManager: Mounting plugin CryptoKeys
LogPluginManager: Mounting plugin DataValidation
LogPluginManager: Mounting plugin FacialAnimation
LogPluginManager: Mounting plugin GameplayTagsEditor
LogPluginManager: Mounting plugin MacGraphicsSwitching
LogPluginManager: Mounting plugin MeshEditor
LogPluginManager: Mounting plugin MobileLauncherProfileWizard
LogPluginManager: Mounting plugin PluginBrowser
LogPluginManager: Mounting plugin SpeedTreeImporter
LogPluginManager: Mounting plugin DatasmithContent
LogPluginManager: Mounting plugin AlembicImporter
LogPluginManager: Mounting plugin AppleImageUtils
LogPluginManager: Mounting plugin AppleVision
LogPluginManager: Mounting plugin BackChannel
LogPluginManager: Mounting plugin CharacterAI
LogPluginManager: Mounting plugin GeometryCache
LogPluginManager: Mounting plugin HTML5Networking
LogPluginManager: Mounting plugin ProxyLODPlugin
LogPluginManager: Mounting plugin MagicLeap
LogPluginManager: Mounting plugin MagicLeapEmulator
LogPluginManager: Mounting plugin MagicLeapMedia
LogPluginManager: Mounting plugin AndroidMedia
LogPluginManager: Mounting plugin AvfMedia
LogPluginManager: Mounting plugin ImgMedia
LogPluginManager: Mounting plugin LinearTimecode
LogPluginManager: Mounting plugin MediaCompositing
LogPluginManager: Mounting plugin MediaPlayerEditor
LogPluginManager: Mounting plugin WmfMedia
LogPluginManager: Mounting plugin TcpMessaging
LogPluginManager: Mounting plugin UdpMessaging
LogPluginManager: Mounting plugin ActorSequence
LogPluginManager: Mounting plugin LevelSequenceEditor
LogPluginManager: Mounting plugin MatineeToLevelSequence
LogPluginManager: Mounting plugin NetcodeUnitTest
LogPluginManager: Mounting plugin NUTUnrealEngine4
LogPluginManager: Mounting plugin OnlineSubsystemGooglePlay
LogPluginManager: Mounting plugin OnlineSubsystemIOS
LogPluginManager: Mounting plugin OnlineSubsystem
LogPluginManager: Mounting plugin OnlineSubsystemNull
LogPluginManager: Mounting plugin OnlineSubsystemUtils
LogPluginManager: Mounting plugin LauncherChunkInstaller
LogPluginManager: Mounting plugin AndroidDeviceProfileSelector
LogPluginManager: Mounting plugin AndroidMoviePlayer
LogPluginManager: Mounting plugin AndroidPermission
LogPluginManager: Mounting plugin AppleMoviePlayer
LogPluginManager: Mounting plugin ArchVisCharacter
LogPluginManager: Mounting plugin AudioCapture
LogPluginManager: Mounting plugin CableComponent
LogPluginManager: Mounting plugin CustomMeshComponent
LogPluginManager: Mounting plugin EditableMesh
LogPluginManager: Mounting plugin ExampleDeviceProfileSelector
LogPluginManager: Mounting plugin GoogleCloudMessaging
LogPluginManager: Mounting plugin ImmediatePhysics
LogPluginManager: Mounting plugin IOSDeviceProfileSelector
LogPluginManager: Mounting plugin LinuxDeviceProfileSelector
LogPluginManager: Mounting plugin LocationServicesBPLibrary
LogPluginManager: Mounting plugin MobilePatchingUtils
LogPluginManager: Mounting plugin OculusVR
LogPluginManager: Plugin shader directory ../../../Engine/Plugins/Runtime/Oculus/OculusVR/Shaders found
LogPluginManager: Mapping shader source directory ../../../Engine/Plugins/Runtime/Oculus/OculusVR/Shaders to virtual directory /Plugin/OculusVR
LogPluginManager: Mounting plugin PhysXVehicles
LogPluginManager: Mounting plugin ProceduralMeshComponent
LogPluginManager: Mounting plugin RuntimePhysXCooking
LogPluginManager: Mounting plugin SteamVR
LogPluginManager: Mounting plugin WindowsMoviePlayer
LogStreaming: Display: Took  0.279s to configure plugins.
LogInit: Using libcurl 7.55.1-DEV
LogInit:  - built for x86_64-pc-win32
LogInit:  - supports SSL with OpenSSL/1.0.2h
LogInit:  - supports HTTP deflate (compression) using libz 1.2.8
LogInit:  - other features:
LogInit:      CURL_VERSION_SSL
LogInit:      CURL_VERSION_LIBZ
LogInit:      CURL_VERSION_IPV6
LogInit:      CURL_VERSION_ASYNCHDNS
LogInit:      CURL_VERSION_LARGEFILE
LogInit:      CURL_VERSION_IDN
LogInit:  CurlRequestOptions (configurable via config and command line):
LogInit:  - bVerifyPeer = false  - Libcurl will NOT verify peer certificate
LogInit:  - bUseHttpProxy = false  - Libcurl will NOT use HTTP proxy
LogInit:  - bDontReuseConnections = false  - Libcurl will reuse connections
LogInit:  - CertBundlePath = nullptr  - Libcurl will use whatever was configured at build time.
LogInit:  - MaxHostConnections = 16  - Libcurl will limit the number of connections to a host
LogInit:  - LocalHostAddr = Default
LogInit:  - BufferSize = 65536
LogInit: WinSock: version 1.1 (2.2), MaxSocks=32767, MaxUdp=65467
LogInit: Build: ++UE4+Release-4.20-CL-4369336
LogInit: Engine Version: 4.20.3-4369336+++UE4+Release-4.20
LogInit: Compatible Engine Version: 4.20.0-4212847+++UE4+Release-4.20
LogInit: Net CL: 4212847
LogInit: OS: Windows 10 (), CPU: Intel(R) Core(TM) i5-4690K CPU @ 3.50GHz, GPU: NVIDIA GeForce GTX 960
LogInit: Compiled (64-bit): Sep 17 2018 12:26:19
LogInit: Compiled with Visual C++: 19.13.26129.00
LogInit: Build Configuration: Development
LogInit: Branch Name: ++UE4+Release-4.20
LogInit: Command Line: -EpicPortal  -epicusername="goncas11" -epicuserid=683ded48f24847c1b07a83cf6d5cf7f4 -epiclocale=es-ES
LogInit: Base Directory: C:/Program Files/Epic Games/UE_4.20/Engine/Binaries/Win64/
LogInit: Installed Engine Build: 1
LogDevObjectVersion: Number of dev versions registered: 20
LogDevObjectVersion:   Dev-Blueprints (B0D832E4-1F89-4F0D-ACCF-7EB736FD4AA2): 10
LogDevObjectVersion:   Dev-Build (E1C64328-A22C-4D53-A36C-8E866417BD8C): 0
LogDevObjectVersion:   Dev-Core (375EC13C-06E4-48FB-B500-84F0262A717E): 2
LogDevObjectVersion:   Dev-Editor (E4B068ED-F494-42E9-A231-DA0B2E46BB41): 24
LogDevObjectVersion:   Dev-Framework (CFFC743F-43B0-4480-9391-14DF171D2073): 34
LogDevObjectVersion:   Dev-Mobile (B02B49B5-BB20-44E9-A304-32B752E40360): 2
LogDevObjectVersion:   Dev-Networking (A4E4105C-59A1-49B5-A7C5-40C4547EDFEE): 0
LogDevObjectVersion:   Dev-Online (39C831C9-5AE6-47DC-9A44-9C173E1C8E7C): 0
LogDevObjectVersion:   Dev-Physics (78F01B33-EBEA-4F98-B9B4-84EACCB95AA2): 0
LogDevObjectVersion:   Dev-Platform (6631380F-2D4D-43E0-8009-CF276956A95A): 0
LogDevObjectVersion:   Dev-Rendering (12F88B9F-8875-4AFC-A67C-D90C383ABD29): 26
LogDevObjectVersion:   Dev-Sequencer (7B5AE74C-D270-4C10-A958-57980B212A5A): 9
LogDevObjectVersion:   Dev-VR (D7296918-1DD6-4BDD-9DE2-64A83CC13884): 2
LogDevObjectVersion:   Dev-LoadTimes (C2A15278-BFE7-4AFE-6C17-90FF531DF755): 1
LogDevObjectVersion:   Private-Geometry (6EACA3D4-40EC-4CC1-B786-8BED09428FC5): 3
LogDevObjectVersion:   Dev-AnimPhys (29E575DD-E0A3-4627-9D10-D276232CDCEA): 17
LogDevObjectVersion:   Dev-ReflectionCapture (6B266CEC-1EC7-4B8F-A30B-E4D90942FC07): 1
LogDevObjectVersion:   Dev-Automation (0DF73D61-A23F-47EA-B727-89E90C41499A): 1
LogDevObjectVersion:   FortniteMain (601D1886-AC64-4F84-AA16-D3DE0DEAC7D6): 12
LogDevObjectVersion:   Dev-Enterprise (9DFFBCD6-494F-0158-E221-12823C92A888): 1
LogStreaming: Display: Took  0.001s to delete old logs.
LogInit: Presizing for max 8388607 objects, including 0 objects not considered by GC, pre-allocating 0 bytes for permanent pool.
LogInit: Object subsystem initialized
[2019.01.12-14.44.43:412][  0]LogInit: Selected Device Profile: [Windows]
[2019.01.12-14.44.43:412][  0]LogInit: Applying CVar settings loaded from the selected device profile: [Windows]
[2019.01.12-14.44.43:444][  0]LogHAL: Display: Platform has ~ 8 GB [8393596928 / 8589934592 / 8], which maps to Default [LargestMinGB=32, LargerMinGB=12, DefaultMinGB=8, SmallerMinGB=6, SmallestMinGB=0)
[2019.01.12-14.44.43:444][  0]LogInit: Setting Device Profile CVar: [[r.Vulkan.UseRealUBs:1]]
[2019.01.12-14.44.43:444][  0]LogInit: Going up to parent DeviceProfile []
[2019.01.12-14.44.43:444][  0]LogInit: Computer: GONZALO-PC
[2019.01.12-14.44.43:444][  0]LogInit: User: Gonzalo
[2019.01.12-14.44.43:444][  0]LogInit: CPU Page size=4096, Cores=4
[2019.01.12-14.44.43:444][  0]LogInit: High frequency timer resolution =3.417969 MHz
[2019.01.12-14.44.43:444][  0]LogMemory: Memory total: Physical=7.8GB (8GB approx)
[2019.01.12-14.44.43:444][  0]LogMemory: Platform Memory Stats for Windows
[2019.01.12-14.44.43:444][  0]LogMemory: Process Physical Memory: 99.96 MB used, 99.96 MB peak
[2019.01.12-14.44.43:444][  0]LogMemory: Process Virtual Memory: 90.72 MB used, 90.72 MB peak
[2019.01.12-14.44.43:445][  0]LogMemory: Physical Memory: 4540.16 MB used,  3464.59 MB free, 8004.76 MB total
[2019.01.12-14.44.43:445][  0]LogMemory: Virtual Memory: 4612.80 MB used,  3464.59 MB free, 134217728.00 MB total
[2019.01.12-14.44.43:470][  0]LogInit: Overriding language with editor language configuration option (en).
[2019.01.12-14.44.43:470][  0]LogInit: Overriding locale with editor locale configuration option (en).
[2019.01.12-14.44.43:814][  0]LogStreaming: Display: Took  0.344s to InitEngineTextLocalization.
[2019.01.12-14.44.43:848][  0]LogSlate: New Slate User Created.  User Index 0, Is Virtual User: 0
[2019.01.12-14.44.43:848][  0]LogSlate: Slate User Registered.  User Index 0, Is Virtual User: 0
[2019.01.12-14.44.44:106][  0]LogHMD: Failed to initialize OpenVR with code 110
[2019.01.12-14.44.44:106][  0]LogD3D11RHI: D3D11 adapters:
[2019.01.12-14.44.44:153][  0]LogD3D11RHI:    0. 'NVIDIA GeForce GTX 960' (Feature Level 11_0)
[2019.01.12-14.44.44:153][  0]LogD3D11RHI:       4062/0/4002 MB DedicatedVideo/DedicatedSystem/SharedSystem, Outputs:1, VendorId:0x10de
[2019.01.12-14.44.44:162][  0]LogD3D11RHI:    1. 'Intel(R) HD Graphics 4600' (Feature Level 11_0)
[2019.01.12-14.44.44:162][  0]LogD3D11RHI:       112/0/2048 MB DedicatedVideo/DedicatedSystem/SharedSystem, Outputs:0, VendorId:0x8086
[2019.01.12-14.44.44:164][  0]LogD3D11RHI:    2. 'Microsoft Basic Render Driver' (Feature Level 11_0)
[2019.01.12-14.44.44:164][  0]LogD3D11RHI:       0/0/4002 MB DedicatedVideo/DedicatedSystem/SharedSystem, Outputs:0, VendorId:0x1414
[2019.01.12-14.44.44:164][  0]LogD3D11RHI: Chosen D3D11 Adapter: 0
[2019.01.12-14.44.44:170][  0]LogD3D11RHI: Creating new Direct3DDevice
[2019.01.12-14.44.44:170][  0]LogD3D11RHI:     GPU DeviceId: 0x1401 (for the marketing name, search the web for "GPU Device Id")
[2019.01.12-14.44.44:171][  0]LogWindows: EnumDisplayDevices:
[2019.01.12-14.44.44:171][  0]LogWindows:    0. 'NVIDIA GeForce GTX 960' (P:1 D:1)
[2019.01.12-14.44.44:171][  0]LogWindows:    1. 'NVIDIA GeForce GTX 960' (P:0 D:0)
[2019.01.12-14.44.44:172][  0]LogWindows:    2. 'NVIDIA GeForce GTX 960' (P:0 D:0)
[2019.01.12-14.44.44:172][  0]LogWindows:    3. 'NVIDIA GeForce GTX 960' (P:0 D:0)
[2019.01.12-14.44.44:172][  0]LogWindows:    4. 'Intel(R) HD Graphics 4600' (P:0 D:0)
[2019.01.12-14.44.44:173][  0]LogWindows:    5. 'Intel(R) HD Graphics 4600' (P:0 D:0)
[2019.01.12-14.44.44:173][  0]LogWindows:    6. 'Intel(R) HD Graphics 4600' (P:0 D:0)
[2019.01.12-14.44.44:174][  0]LogWindows: DebugString: PrimaryIsNotTheChoosenAdapter PrimaryIsNotTheChoosenAdapter PrimaryIsNotTheChoosenAdapter FoundDriverCount:4 
[2019.01.12-14.44.44:174][  0]LogD3D11RHI:     Adapter Name: NVIDIA GeForce GTX 960
[2019.01.12-14.44.44:174][  0]LogD3D11RHI:   Driver Version: 388.13 (internal:23.21.13.8813, unified:388.13)
[2019.01.12-14.44.44:174][  0]LogD3D11RHI:      Driver Date: 10-27-2017
[2019.01.12-14.44.44:174][  0]LogRHI: Texture pool is 2843 MB (70% of 4062 MB)
[2019.01.12-14.44.44:202][  0]LogD3D11RHI: Async texture creation enabled
[2019.01.12-14.44.44:212][  0]LogD3D11RHI: GPU Timing Frequency: 1000.000000 (Debug: 2 1)
[2019.01.12-14.44.44:262][  0]LogShaderCompilers: Guid format shader working directory is -42 characters bigger than the processId version (../../../../../../Users/Gonzalo/Documents/Unreal Projects/BossThirdPerson/BossThirdPerson/Intermediate/Shaders/WorkingDirectory/10932/).
[2019.01.12-14.44.44:262][  0]LogShaderCompilers: Cleaned the shader compiler working directory 'C:/Users/Gonzalo/AppData/Local/Temp/UnrealShaderWorkingDir/296959984827C2BCC7DDF2BD012AED8D/'.
[2019.01.12-14.44.45:079][  0]LogTemp: Display: Loaded TP AllDesktopTargetPlatform
[2019.01.12-14.44.45:095][  0]LogTemp: Display: Loaded TP MacClientTargetPlatform
[2019.01.12-14.44.45:110][  0]LogTemp: Display: Loaded TP MacNoEditorTargetPlatform
[2019.01.12-14.44.45:125][  0]LogTemp: Display: Loaded TP MacServerTargetPlatform
[2019.01.12-14.44.45:140][  0]LogTemp: Display: Loaded TP MacTargetPlatform
[2019.01.12-14.44.45:155][  0]LogTemp: Display: Loaded TP WindowsClientTargetPlatform
[2019.01.12-14.44.45:171][  0]LogTemp: Display: Loaded TP WindowsNoEditorTargetPlatform
[2019.01.12-14.44.45:186][  0]LogTemp: Display: Loaded TP WindowsServerTargetPlatform
[2019.01.12-14.44.45:195][  0]LogTemp: Display: Loaded TP WindowsTargetPlatform
[2019.01.12-14.44.45:270][  0]LogTemp: Display: Loaded TP AndroidTargetPlatform
[2019.01.12-14.44.45:270][  0]LogTemp: Display: Loaded TP AndroidTargetPlatform
[2019.01.12-14.44.45:270][  0]LogTemp: Display: Loaded TP AndroidTargetPlatform
[2019.01.12-14.44.45:270][  0]LogTemp: Display: Loaded TP AndroidTargetPlatform
[2019.01.12-14.44.45:270][  0]LogTemp: Display: Loaded TP AndroidTargetPlatform
[2019.01.12-14.44.45:270][  0]LogTemp: Display: Loaded TP AndroidTargetPlatform
[2019.01.12-14.44.45:270][  0]LogTemp: Display: Loaded TP AndroidTargetPlatform
[2019.01.12-14.44.45:270][  0]LogTemp: Display: Loaded TP AndroidTargetPlatform
[2019.01.12-14.44.45:270][  0]LogTemp: Display: Loaded TP AndroidTargetPlatform
[2019.01.12-14.44.45:271][  0]LogTemp: Display: Loaded TP AndroidTargetPlatform
[2019.01.12-14.44.45:271][  0]LogTemp: Display: Loaded TP AndroidTargetPlatform
[2019.01.12-14.44.45:271][  0]LogTemp: Display: Loaded TP AndroidTargetPlatform
[2019.01.12-14.44.45:271][  0]LogTemp: Display: Loaded TP AndroidTargetPlatform
[2019.01.12-14.44.45:271][  0]LogTemp: Display: Loaded TP AndroidTargetPlatform
[2019.01.12-14.44.45:271][  0]LogTemp: Display: Loaded TP AndroidTargetPlatform
[2019.01.12-14.44.45:271][  0]LogTemp: Display: Loaded TP AndroidTargetPlatform
[2019.01.12-14.44.45:271][  0]LogTemp: Display: Loaded TP AndroidTargetPlatform
[2019.01.12-14.44.45:271][  0]LogTemp: Display: Loaded TP AndroidTargetPlatform
[2019.01.12-14.44.45:272][  0]LogTemp: Display: Loaded TP HTML5TargetPlatform
[2019.01.12-14.44.45:334][  0]LogTemp: Display: Loaded TP IOSTargetPlatform
[2019.01.12-14.44.45:334][  0]LogTemp: Display: Loaded TP IOSTargetPlatform
[2019.01.12-14.44.45:357][  0]LogTemp: Display: Loaded TP TVOSTargetPlatform
[2019.01.12-14.44.45:357][  0]LogTemp: Display: Loaded TP TVOSTargetPlatform
[2019.01.12-14.44.45:369][  0]LogTemp: Display: Loaded TP LinuxClientTargetPlatform
[2019.01.12-14.44.45:381][  0]LogTemp: Display: Loaded TP LinuxNoEditorTargetPlatform
[2019.01.12-14.44.45:393][  0]LogTemp: Display: Loaded TP LinuxServerTargetPlatform
[2019.01.12-14.44.45:406][  0]LogTemp: Display: Loaded TP LinuxTargetPlatform
[2019.01.12-14.44.45:415][  0]LogTemp: Display: Loaded TP LuminTargetPlatform
[2019.01.12-14.44.45:416][  0]LogTargetPlatformManager: Display: Building Assets For Windows
[2019.01.12-14.44.45:517][  0]LogXGEController: Cannot use XGE Controller as Incredibuild is not installed on this machine.
[2019.01.12-14.44.45:517][  0]LogShaderCompilers: Cannot use XGE Shader Compiler as Incredibuild is not installed on this machine.
[2019.01.12-14.44.45:517][  0]LogShaderCompilers: Display: Using Local Shader Compiler.
[2019.01.12-14.44.46:265][  0]LogDerivedDataCache: Display: Max Cache Size: 512 MB
[2019.01.12-14.44.46:340][  0]LogDerivedDataCache: Loaded boot cache 0.07s 71MB C:/Users/Gonzalo/AppData/Local/UnrealEngine/4.20/DerivedDataCache/Boot.ddc.
[2019.01.12-14.44.46:340][  0]LogDerivedDataCache: Display: Loaded Boot cache: C:/Users/Gonzalo/AppData/Local/UnrealEngine/4.20/DerivedDataCache/Boot.ddc
[2019.01.12-14.44.46:340][  0]LogDerivedDataCache: FDerivedDataBackendGraph:  Pak pak cache file ../../../../../../Users/Gonzalo/Documents/Unreal Projects/BossThirdPerson/BossThirdPerson/DerivedDataCache/DDC.ddp not found, will not use a pak cache.
[2019.01.12-14.44.46:340][  0]LogDerivedDataCache: Unable to find inner node Pak for hierarchical cache Hierarchy.
[2019.01.12-14.44.46:340][  0]LogDerivedDataCache: FDerivedDataBackendGraph:  CompressedPak pak cache file ../../../../../../Users/Gonzalo/Documents/Unreal Projects/BossThirdPerson/BossThirdPerson/DerivedDataCache/Compressed.ddp not found, will not use a pak cache.
[2019.01.12-14.44.46:340][  0]LogDerivedDataCache: Unable to find inner node CompressedPak for hierarchical cache Hierarchy.
[2019.01.12-14.44.46:352][  0]LogDerivedDataCache: Display: Pak cache opened for reading ../../../Engine/DerivedDataCache/Compressed.ddp.
[2019.01.12-14.44.46:365][  0]LogDerivedDataCache: Using Local data cache path C:/Users/Gonzalo/AppData/Local/UnrealEngine/Common/DerivedDataCache: Writable
[2019.01.12-14.44.46:365][  0]LogDerivedDataCache: Shared data cache path not found in *engine.ini, will not use an Shared cache.
[2019.01.12-14.44.46:365][  0]LogDerivedDataCache: Unable to find inner node Shared for hierarchical cache Hierarchy.
[2019.01.12-14.44.46:383][  0]LogMaterial: Verifying Global Shaders for PCD3D_SM5
[2019.01.12-14.44.46:384][  0]LogSlate: Using FreeType 2.6.0
[2019.01.12-14.44.46:385][  0]LogSlate: SlateFontServices - WITH_FREETYPE: 1, WITH_HARFBUZZ: 1
[2019.01.12-14.44.46:474][  0]LogAssetRegistry: FAssetRegistry took 0.0262 seconds to start up
[2019.01.12-14.44.46:777][  0]LogInit: Selected Device Profile: [Windows]
[2019.01.12-14.44.46:843][  0]LogSimplygon: Simplygon DLL not present - disabling.
[2019.01.12-14.44.46:849][  0]LogMeshReduction: Using SimplygonSwarm for distributed automatic mesh merging
[2019.01.12-14.44.46:849][  0]LogMeshReduction: Using ProxyLODMeshReduction for automatic mesh merging
[2019.01.12-14.44.46:849][  0]LogMeshReduction: Using QuadricMeshReduction for automatic static mesh reduction
[2019.01.12-14.44.46:849][  0]LogMeshReduction: No automatic skeletal mesh reduction module available
[2019.01.12-14.44.46:934][  0]LogNetVersion: BossThirdPerson 1.0.0, NetCL: 4212847, EngineNetVer: 5, GameNetVer: 0 (Checksum: 1759846190)
[2019.01.12-14.44.47:401][  0]LogPackageLocalizationCache: Processed 11 localized package path(s) for 1 prioritized culture(s) in 0.078556 seconds
[2019.01.12-14.44.47:405][  0]LogUObjectArray: 38425 objects as part of root set at end of initial load.
[2019.01.12-14.44.47:405][  0]LogUObjectAllocator: 6690864 out of 0 bytes used by permanent object pool.
[2019.01.12-14.44.47:405][  0]LogUObjectArray: CloseDisregardForGC: 0/0 objects in disregard for GC pool
[2019.01.12-14.44.48:444][  0]LogTcpMessaging: Initializing TcpMessaging bridge
[2019.01.12-14.44.48:458][  0]LogUdpMessaging: Initializing bridge on interface 0.0.0.0:0 to multicast group 230.0.0.1:6666.
[2019.01.12-14.44.48:607][  0]SourceControl: Source control is disabled
[2019.01.12-14.44.48:607][  0]SourceControl: Source control is disabled
[2019.01.12-14.44.48:608][  0]SourceControl: Source control is disabled
[2019.01.12-14.44.48:610][  0]SourceControl: Source control is disabled
[2019.01.12-14.44.48:782][  0]LogAndroidPermission: UAndroidPermissionCallbackProxy::GetInstance
[2019.01.12-14.44.48:932][  0]LogOcInput: OculusInput pre-init called
[2019.01.12-14.44.48:996][  0]LogEngine: Initializing Engine...
[2019.01.12-14.44.48:997][  0]LogHMD: Failed to initialize OpenVR with code 110
[2019.01.12-14.44.48:998][  0]LogStats: UGameplayTagsManager::ConstructGameplayTagTree: ImportINI prefixes -  0.000 s
[2019.01.12-14.44.48:998][  0]LogStats: UGameplayTagsManager::ConstructGameplayTagTree: Construct from data asset -  0.000 s
[2019.01.12-14.44.48:998][  0]LogStats: UGameplayTagsManager::ConstructGameplayTagTree: ImportINI -  0.000 s
[2019.01.12-14.44.48:998][  0]LogStats: UGameplayTagsManager::ConstructGameplayTagTree: GameplayTagTreeChangedEvent.Broadcast -  0.000 s
[2019.01.12-14.44.49:185][  0]LogInit: Initializing FReadOnlyCVARCache
[2019.01.12-14.44.49:207][  0]LogAIModule: Creating AISystem for world Untitled
[2019.01.12-14.44.49:239][  0]LogInit: XAudio2 using 'Altavoces (Realtek High Definition Audio)' : 2 channels at 48 kHz using 16 bits per sample (channel mask 0x3)
[2019.01.12-14.44.49:297][  0]LogInit: FAudioDevice initialized.
[2019.01.12-14.44.49:297][  0]LogNetVersion: Set ProjectVersion to 1.0.0.0. Version Checksum will be recalculated on next use.
[2019.01.12-14.44.49:471][  0]LogDerivedDataCache: Saved boot cache 0.17s 71MB C:/Users/Gonzalo/AppData/Local/UnrealEngine/4.20/DerivedDataCache/Boot.ddc.
[2019.01.12-14.44.49:482][  0]LogInit: Texture streaming: Enabled
[2019.01.12-14.44.49:516][  0]LogEngineSessionManager: EngineSessionManager initialized
[2019.01.12-14.44.49:536][  0]LogInit: Transaction tracking system initialized
[2019.01.12-14.44.49:580][  0]BlueprintLog: New page: Editor Load
[2019.01.12-14.44.49:717][  0]LocalizationService: Localization service is disabled
[2019.01.12-14.44.50:015][  0]LogCook: Display: Max memory allowance for cook 16384mb min free memory 0mb
[2019.01.12-14.44.50:015][  0]LogCook: Display: Mobile HDR setting 1
[2019.01.12-14.44.50:015][  0]LogGameplayTags: Display: UGameplayTagsManager::DoneAddingNativeTags. DelegateIsBound: 0
[2019.01.12-14.44.50:015][  0]LogStats: UGameplayTagsManager::ConstructGameplayTagTree: ImportINI prefixes -  0.000 s
[2019.01.12-14.44.50:015][  0]LogStats: UGameplayTagsManager::ConstructGameplayTagTree: Construct from data asset -  0.000 s
[2019.01.12-14.44.50:015][  0]LogStats: UGameplayTagsManager::ConstructGameplayTagTree: ImportINI -  0.000 s
[2019.01.12-14.44.50:015][  0]LogStats: UGameplayTagsManager::ConstructGameplayTagTree: GameplayTagTreeChangedEvent.Broadcast -  0.000 s
[2019.01.12-14.44.50:168][  0]LogFileCache: Scanning file cache for directory 'C:/Users/Gonzalo/Documents/Unreal Projects/BossThirdPerson/BossThirdPerson/Content/' took 0.02s
[2019.01.12-14.44.50:168][  0]SourceControl: Source control is disabled
[2019.01.12-14.44.50:168][  0]Cmd: MAP LOAD FILE="../../../../../../Users/Gonzalo/Documents/Unreal Projects/BossThirdPerson/BossThirdPerson/Content/Test.umap" TEMPLATE=0 SHOWPROGRESS=1 FEATURELEVEL=3
[2019.01.12-14.44.50:195][  0]LightingResults: New page: Lighting Build
[2019.01.12-14.44.50:200][  0]MapCheck: New page: Map Check
[2019.01.12-14.44.50:200][  0]LightingResults: New page: Lighting Build
[2019.01.12-14.44.50:508][  0]LogLinker: Warning: Can't find file '/Game/FPWeapon/Materials/MaterialLayers/ML_GlossyBlack_Latex_UE4'
[2019.01.12-14.44.50:508][  0]LogLinker: Warning: Can't find file for asset '/Game/FPWeapon/Materials/MaterialLayers/ML_GlossyBlack_Latex_UE4' while loading ../../../../../../Users/Gonzalo/Documents/Unreal Projects/BossThirdPerson/BossThirdPerson/Content/MyMaterials/M_FPGun.uasset.
[2019.01.12-14.44.50:508][  0]LoadErrors: Error: /Game/MyMaterials/M_FPGun : Can't find file for asset. /Game/FPWeapon/Materials/MaterialLayers/ML_GlossyBlack_Latex_UE4
[2019.01.12-14.44.50:508][  0]LogLinker: Warning: Can't find file '/Game/FPWeapon/Materials/MaterialLayers/ML_Plastic_Shiny_Beige'
[2019.01.12-14.44.50:509][  0]LogLinker: Warning: Can't find file for asset '/Game/FPWeapon/Materials/MaterialLayers/ML_Plastic_Shiny_Beige' while loading ../../../../../../Users/Gonzalo/Documents/Unreal Projects/BossThirdPerson/BossThirdPerson/Content/MyMaterials/M_FPGun.uasset.
[2019.01.12-14.44.50:509][  0]LoadErrors: Error: /Game/MyMaterials/M_FPGun : Can't find file for asset. /Game/FPWeapon/Materials/MaterialLayers/ML_Plastic_Shiny_Beige
[2019.01.12-14.44.50:509][  0]LogLinker: Warning: Can't find file '/Game/FPWeapon/Materials/MaterialLayers/ML_Plastic_Shiny_Beige_LOGO'
[2019.01.12-14.44.50:509][  0]LogLinker: Warning: Can't find file for asset '/Game/FPWeapon/Materials/MaterialLayers/ML_Plastic_Shiny_Beige_LOGO' while loading ../../../../../../Users/Gonzalo/Documents/Unreal Projects/BossThirdPerson/BossThirdPerson/Content/MyMaterials/M_FPGun.uasset.
[2019.01.12-14.44.50:509][  0]LoadErrors: Error: /Game/MyMaterials/M_FPGun : Can't find file for asset. /Game/FPWeapon/Materials/MaterialLayers/ML_Plastic_Shiny_Beige_LOGO
[2019.01.12-14.44.50:509][  0]LogLinker: Warning: Can't find file '/Game/FPWeapon/Materials/MaterialLayers/ML_SoftMetal_UE4'
[2019.01.12-14.44.50:509][  0]LogLinker: Warning: Can't find file for asset '/Game/FPWeapon/Materials/MaterialLayers/ML_SoftMetal_UE4' while loading ../../../../../../Users/Gonzalo/Documents/Unreal Projects/BossThirdPerson/BossThirdPerson/Content/MyMaterials/M_FPGun.uasset.
[2019.01.12-14.44.50:509][  0]LoadErrors: Error: /Game/MyMaterials/M_FPGun : Can't find file for asset. /Game/FPWeapon/Materials/MaterialLayers/ML_SoftMetal_UE4
[2019.01.12-14.44.50:509][  0]LogLinker: Warning: Can't find file '/Game/FPWeapon/Materials/MF_BaseColorTintAndContrast'
[2019.01.12-14.44.50:510][  0]LogLinker: Warning: Can't find file for asset '/Game/FPWeapon/Materials/MF_BaseColorTintAndContrast' while loading ../../../../../../Users/Gonzalo/Documents/Unreal Projects/BossThirdPerson/BossThirdPerson/Content/MyMaterials/M_FPGun.uasset.
[2019.01.12-14.44.50:510][  0]LoadErrors: Error: /Game/MyMaterials/M_FPGun : Can't find file for asset. /Game/FPWeapon/Materials/MF_BaseColorTintAndContrast
[2019.01.12-14.44.50:510][  0]LogLinker: Warning: Can't find file '/Game/FPWeapon/Materials/MF_RoughnessAdjustment'
[2019.01.12-14.44.50:510][  0]LogLinker: Warning: Can't find file for asset '/Game/FPWeapon/Materials/MF_RoughnessAdjustment' while loading ../../../../../../Users/Gonzalo/Documents/Unreal Projects/BossThirdPerson/BossThirdPerson/Content/MyMaterials/M_FPGun.uasset.
[2019.01.12-14.44.50:510][  0]LoadErrors: Error: /Game/MyMaterials/M_FPGun : Can't find file for asset. /Game/FPWeapon/Materials/MF_RoughnessAdjustment
[2019.01.12-14.44.50:511][  0]LogLinker: Warning: Can't find file '/Game/FPWeapon/Materials/MaterialLayers/ML_GlossyBlack_Latex_UE4'
[2019.01.12-14.44.50:511][  0]LogLinker: Warning: Can't find file for asset '/Game/FPWeapon/Materials/MaterialLayers/ML_GlossyBlack_Latex_UE4' while loading ../../../../../../Users/Gonzalo/Documents/Unreal Projects/BossThirdPerson/BossThirdPerson/Content/MyMaterials/M_FPGun.uasset.
[2019.01.12-14.44.50:512][  0]LoadErrors: Error: /Game/MyMaterials/M_FPGun : Can't find file for asset. /Game/FPWeapon/Materials/MaterialLayers/ML_GlossyBlack_Latex_UE4
[2019.01.12-14.44.50:512][  0]LogLinker: Warning: Can't find file '/Game/FPWeapon/Materials/MaterialLayers/ML_Plastic_Shiny_Beige'
[2019.01.12-14.44.50:512][  0]LogLinker: Warning: Can't find file for asset '/Game/FPWeapon/Materials/MaterialLayers/ML_Plastic_Shiny_Beige' while loading ../../../../../../Users/Gonzalo/Documents/Unreal Projects/BossThirdPerson/BossThirdPerson/Content/MyMaterials/M_FPGun.uasset.
[2019.01.12-14.44.50:512][  0]LoadErrors: Error: /Game/MyMaterials/M_FPGun : Can't find file for asset. /Game/FPWeapon/Materials/MaterialLayers/ML_Plastic_Shiny_Beige
[2019.01.12-14.44.50:512][  0]LogLinker: Warning: Can't find file '/Game/FPWeapon/Materials/MaterialLayers/ML_Plastic_Shiny_Beige_LOGO'
[2019.01.12-14.44.50:512][  0]LogLinker: Warning: Can't find file for asset '/Game/FPWeapon/Materials/MaterialLayers/ML_Plastic_Shiny_Beige_LOGO' while loading ../../../../../../Users/Gonzalo/Documents/Unreal Projects/BossThirdPerson/BossThirdPerson/Content/MyMaterials/M_FPGun.uasset.
[2019.01.12-14.44.50:512][  0]LoadErrors: Error: /Game/MyMaterials/M_FPGun : Can't find file for asset. /Game/FPWeapon/Materials/MaterialLayers/ML_Plastic_Shiny_Beige_LOGO
[2019.01.12-14.44.50:512][  0]LogLinker: Warning: Can't find file '/Game/FPWeapon/Materials/MaterialLayers/ML_SoftMetal_UE4'
[2019.01.12-14.44.50:512][  0]LogLinker: Warning: Can't find file for asset '/Game/FPWeapon/Materials/MaterialLayers/ML_SoftMetal_UE4' while loading ../../../../../../Users/Gonzalo/Documents/Unreal Projects/BossThirdPerson/BossThirdPerson/Content/MyMaterials/M_FPGun.uasset.
[2019.01.12-14.44.50:513][  0]LoadErrors: Error: /Game/MyMaterials/M_FPGun : Can't find file for asset. /Game/FPWeapon/Materials/MaterialLayers/ML_SoftMetal_UE4
[2019.01.12-14.44.50:513][  0]LogLinker: Warning: Can't find file '/Game/FPWeapon/Materials/MF_BaseColorTintAndContrast'
[2019.01.12-14.44.50:513][  0]LogLinker: Warning: Can't find file for asset '/Game/FPWeapon/Materials/MF_BaseColorTintAndContrast' while loading ../../../../../../Users/Gonzalo/Documents/Unreal Projects/BossThirdPerson/BossThirdPerson/Content/MyMaterials/M_FPGun.uasset.
[2019.01.12-14.44.50:513][  0]LoadErrors: Error: /Game/MyMaterials/M_FPGun : Can't find file for asset. /Game/FPWeapon/Materials/MF_BaseColorTintAndContrast
[2019.01.12-14.44.50:513][  0]LogLinker: Warning: Can't find file '/Game/FPWeapon/Materials/MF_RoughnessAdjustment'
[2019.01.12-14.44.50:513][  0]LogLinker: Warning: Can't find file for asset '/Game/FPWeapon/Materials/MF_RoughnessAdjustment' while loading ../../../../../../Users/Gonzalo/Documents/Unreal Projects/BossThirdPerson/BossThirdPerson/Content/MyMaterials/M_FPGun.uasset.
[2019.01.12-14.44.50:513][  0]LoadErrors: Error: /Game/MyMaterials/M_FPGun : Can't find file for asset. /Game/FPWeapon/Materials/MF_RoughnessAdjustment
[2019.01.12-14.44.50:513][  0]LogLinker: Warning: Can't find file '/Game/FPWeapon/Textures/T_FPGun_AO'
[2019.01.12-14.44.50:514][  0]LogLinker: Warning: Can't find file for asset '/Game/FPWeapon/Textures/T_FPGun_AO' while loading ../../../../../../Users/Gonzalo/Documents/Unreal Projects/BossThirdPerson/BossThirdPerson/Content/MyMaterials/M_FPGun.uasset.
[2019.01.12-14.44.50:514][  0]LoadErrors: Error: /Game/MyMaterials/M_FPGun : Can't find file for asset. /Game/FPWeapon/Textures/T_FPGun_AO
[2019.01.12-14.44.50:514][  0]LogLinker: Warning: Can't find file '/Game/FPWeapon/Textures/T_FPGun_M'
[2019.01.12-14.44.50:514][  0]LogLinker: Warning: Can't find file for asset '/Game/FPWeapon/Textures/T_FPGun_M' while loading ../../../../../../Users/Gonzalo/Documents/Unreal Projects/BossThirdPerson/BossThirdPerson/Content/MyMaterials/M_FPGun.uasset.
[2019.01.12-14.44.50:514][  0]LoadErrors: Error: /Game/MyMaterials/M_FPGun : Can't find file for asset. /Game/FPWeapon/Textures/T_FPGun_M
[2019.01.12-14.44.50:514][  0]LogLinker: Warning: Can't find file '/Game/FPWeapon/Textures/T_FPGun_N'
[2019.01.12-14.44.50:514][  0]LogLinker: Warning: Can't find file for asset '/Game/FPWeapon/Textures/T_FPGun_N' while loading ../../../../../../Users/Gonzalo/Documents/Unreal Projects/BossThirdPerson/BossThirdPerson/Content/MyMaterials/M_FPGun.uasset.
[2019.01.12-14.44.50:514][  0]LoadErrors: Error: /Game/MyMaterials/M_FPGun : Can't find file for asset. /Game/FPWeapon/Textures/T_FPGun_N
[2019.01.12-14.44.50:514][  0]LogLinker: Warning: Can't find file '/Game/FPWeapon/Textures/T_FPGun_AO'
[2019.01.12-14.44.50:515][  0]LogLinker: Warning: Can't find file for asset '/Game/FPWeapon/Textures/T_FPGun_AO' while loading ../../../../../../Users/Gonzalo/Documents/Unreal Projects/BossThirdPerson/BossThirdPerson/Content/MyMaterials/M_FPGun.uasset.
[2019.01.12-14.44.50:515][  0]LoadErrors: Error: /Game/MyMaterials/M_FPGun : Can't find file for asset. /Game/FPWeapon/Textures/T_FPGun_AO
[2019.01.12-14.44.50:515][  0]LogLinker: Warning: Can't find file '/Game/FPWeapon/Textures/T_FPGun_M'
[2019.01.12-14.44.50:515][  0]LogLinker: Warning: Can't find file for asset '/Game/FPWeapon/Textures/T_FPGun_M' while loading ../../../../../../Users/Gonzalo/Documents/Unreal Projects/BossThirdPerson/BossThirdPerson/Content/MyMaterials/M_FPGun.uasset.
[2019.01.12-14.44.50:515][  0]LoadErrors: Error: /Game/MyMaterials/M_FPGun : Can't find file for asset. /Game/FPWeapon/Textures/T_FPGun_M
[2019.01.12-14.44.50:515][  0]LogLinker: Warning: Can't find file '/Game/FPWeapon/Textures/T_FPGun_N'
[2019.01.12-14.44.50:515][  0]LogLinker: Warning: Can't find file for asset '/Game/FPWeapon/Textures/T_FPGun_N' while loading ../../../../../../Users/Gonzalo/Documents/Unreal Projects/BossThirdPerson/BossThirdPerson/Content/MyMaterials/M_FPGun.uasset.
[2019.01.12-14.44.50:515][  0]LoadErrors: Error: /Game/MyMaterials/M_FPGun : Can't find file for asset. /Game/FPWeapon/Textures/T_FPGun_N
[2019.01.12-14.44.50:542][  0]LogLinker: Warning: Can't find file '/Game/FPWeapon/Materials/MI_FPGun'
[2019.01.12-14.44.50:542][  0]LogLinker: Warning: Can't find file for asset '/Game/FPWeapon/Materials/MI_FPGun' while loading ../../../../../../Users/Gonzalo/Documents/Unreal Projects/BossThirdPerson/BossThirdPerson/Content/MyMeshes/SK_FPGun.uasset.
[2019.01.12-14.44.50:542][  0]LoadErrors: Error: /Game/MyMeshes/SK_FPGun : Can't find file for asset. /Game/FPWeapon/Materials/MI_FPGun
[2019.01.12-14.44.50:542][  0]LogLinker: Warning: Can't find file '/Game/FPWeapon/Materials/MI_FPGun'
[2019.01.12-14.44.50:542][  0]LogLinker: Warning: Can't find file for asset '/Game/FPWeapon/Materials/MI_FPGun' while loading ../../../../../../Users/Gonzalo/Documents/Unreal Projects/BossThirdPerson/BossThirdPerson/Content/MyMeshes/SK_FPGun.uasset.
[2019.01.12-14.44.50:542][  0]LoadErrors: Error: /Game/MyMeshes/SK_FPGun : Can't find file for asset. /Game/FPWeapon/Materials/MI_FPGun
[2019.01.12-14.44.50:542][  0]LogLinker: Warning: Can't find file '/Game/FPWeapon/Mesh/SK_FPGun_PhysicsAsset'
[2019.01.12-14.44.50:543][  0]LogLinker: Warning: Can't find file for asset '/Game/FPWeapon/Mesh/SK_FPGun_PhysicsAsset' while loading ../../../../../../Users/Gonzalo/Documents/Unreal Projects/BossThirdPerson/BossThirdPerson/Content/MyMeshes/SK_FPGun.uasset.
[2019.01.12-14.44.50:543][  0]LoadErrors: Error: /Game/MyMeshes/SK_FPGun : Can't find file for asset. /Game/FPWeapon/Mesh/SK_FPGun_PhysicsAsset
[2019.01.12-14.44.50:543][  0]LogLinker: Warning: Can't find file '/Game/FPWeapon/Mesh/SK_FPGun_Skeleton'
[2019.01.12-14.44.50:543][  0]LogLinker: Warning: Can't find file for asset '/Game/FPWeapon/Mesh/SK_FPGun_Skeleton' while loading ../../../../../../Users/Gonzalo/Documents/Unreal Projects/BossThirdPerson/BossThirdPerson/Content/MyMeshes/SK_FPGun.uasset.
[2019.01.12-14.44.50:543][  0]LoadErrors: Error: /Game/MyMeshes/SK_FPGun : Can't find file for asset. /Game/FPWeapon/Mesh/SK_FPGun_Skeleton
[2019.01.12-14.44.50:543][  0]LogLinker: Warning: Can't find file '/Game/FPWeapon/Mesh/SK_FPGun_PhysicsAsset'
[2019.01.12-14.44.50:543][  0]LogLinker: Warning: Can't find file for asset '/Game/FPWeapon/Mesh/SK_FPGun_PhysicsAsset' while loading ../../../../../../Users/Gonzalo/Documents/Unreal Projects/BossThirdPerson/BossThirdPerson/Content/MyMeshes/SK_FPGun.uasset.
[2019.01.12-14.44.50:543][  0]LoadErrors: Error: /Game/MyMeshes/SK_FPGun : Can't find file for asset. /Game/FPWeapon/Mesh/SK_FPGun_PhysicsAsset
[2019.01.12-14.44.50:543][  0]LogLinker: Warning: Can't find file '/Game/FPWeapon/Mesh/SK_FPGun_Skeleton'
[2019.01.12-14.44.50:544][  0]LogLinker: Warning: Can't find file for asset '/Game/FPWeapon/Mesh/SK_FPGun_Skeleton' while loading ../../../../../../Users/Gonzalo/Documents/Unreal Projects/BossThirdPerson/BossThirdPerson/Content/MyMeshes/SK_FPGun.uasset.
[2019.01.12-14.44.50:544][  0]LoadErrors: Error: /Game/MyMeshes/SK_FPGun : Can't find file for asset. /Game/FPWeapon/Mesh/SK_FPGun_Skeleton
[2019.01.12-14.44.51:134][  0]LogLinker: Warning: Can't find file '/Game/FPWeapon/Mesh/SK_FPGun_Skeleton'
[2019.01.12-14.44.51:134][  0]LoadErrors: Failed to load /Game/FPWeapon/Mesh/SK_FPGun_Skeleton.SK_FPGun_Skeleton Referenced by SK_FPGun
[2019.01.12-14.44.51:134][  0]LogLinker: Warning: Can't find file for asset '/Game/FPWeapon/Mesh/SK_FPGun_Skeleton' while loading NULL.
[2019.01.12-14.44.51:134][  0]LoadErrors: Failed to load /Game/FPWeapon/Mesh/SK_FPGun_Skeleton.SK_FPGun_Skeleton Referenced by SK_FPGun
[2019.01.12-14.44.51:134][  0]LogLinker: Warning: Can't find file '/Game/FPWeapon/Mesh/SK_FPGun_PhysicsAsset'
[2019.01.12-14.44.51:134][  0]LoadErrors: Failed to load /Game/FPWeapon/Mesh/SK_FPGun_PhysicsAsset.SK_FPGun_PhysicsAsset Referenced by SK_FPGun
[2019.01.12-14.44.51:134][  0]LogLinker: Warning: Can't find file for asset '/Game/FPWeapon/Mesh/SK_FPGun_PhysicsAsset' while loading NULL.
[2019.01.12-14.44.51:134][  0]LoadErrors: Failed to load /Game/FPWeapon/Mesh/SK_FPGun_PhysicsAsset.SK_FPGun_PhysicsAsset Referenced by SK_FPGun
[2019.01.12-14.44.51:135][  0]LogLinker: Warning: Can't find file '/Game/FPWeapon/Materials/MI_FPGun'
[2019.01.12-14.44.51:135][  0]LoadErrors: Failed to load /Game/FPWeapon/Materials/MI_FPGun.MI_FPGun Referenced by SK_FPGun
[2019.01.12-14.44.51:135][  0]LogLinker: Warning: Can't find file for asset '/Game/FPWeapon/Materials/MI_FPGun' while loading NULL.
[2019.01.12-14.44.51:135][  0]LoadErrors: Failed to load /Game/FPWeapon/Materials/MI_FPGun.MI_FPGun Referenced by SK_FPGun
[2019.01.12-14.44.51:146][  0]LogLinker: Warning: Can't find file '/Game/FPWeapon/Materials/MaterialLayers/ML_GlossyBlack_Latex_UE4'
[2019.01.12-14.44.51:146][  0]LoadErrors: Failed to load /Game/FPWeapon/Materials/MaterialLayers/ML_GlossyBlack_Latex_UE4.ML_GlossyBlack_Latex_UE4 Referenced by M_FPGun
[2019.01.12-14.44.51:146][  0]LogLinker: Warning: Can't find file for asset '/Game/FPWeapon/Materials/MaterialLayers/ML_GlossyBlack_Latex_UE4' while loading NULL.
[2019.01.12-14.44.51:146][  0]LoadErrors: Failed to load /Game/FPWeapon/Materials/MaterialLayers/ML_GlossyBlack_Latex_UE4.ML_GlossyBlack_Latex_UE4 Referenced by M_FPGun
[2019.01.12-14.44.51:146][  0]LogLinker: Warning: Can't find file '/Game/FPWeapon/Materials/MF_RoughnessAdjustment'
[2019.01.12-14.44.51:146][  0]LoadErrors: Failed to load /Game/FPWeapon/Materials/MF_RoughnessAdjustment.MF_RoughnessAdjustment Referenced by M_FPGun
[2019.01.12-14.44.51:146][  0]LogLinker: Warning: Can't find file for asset '/Game/FPWeapon/Materials/MF_RoughnessAdjustment' while loading NULL.
[2019.01.12-14.44.51:146][  0]LoadErrors: Failed to load /Game/FPWeapon/Materials/MF_RoughnessAdjustment.MF_RoughnessAdjustment Referenced by M_FPGun
[2019.01.12-14.44.51:146][  0]LogLinker: Warning: Can't find file '/Game/FPWeapon/Materials/MF_BaseColorTintAndContrast'
[2019.01.12-14.44.51:146][  0]LoadErrors: Failed to load /Game/FPWeapon/Materials/MF_BaseColorTintAndContrast.MF_BaseColorTintAndContrast Referenced by M_FPGun
[2019.01.12-14.44.51:147][  0]LogLinker: Warning: Can't find file for asset '/Game/FPWeapon/Materials/MF_BaseColorTintAndContrast' while loading NULL.
[2019.01.12-14.44.51:147][  0]LoadErrors: Failed to load /Game/FPWeapon/Materials/MF_BaseColorTintAndContrast.MF_BaseColorTintAndContrast Referenced by M_FPGun
[2019.01.12-14.44.51:147][  0]LogLinker: Warning: Can't find file '/Game/FPWeapon/Materials/MaterialLayers/ML_SoftMetal_UE4'
[2019.01.12-14.44.51:147][  0]LoadErrors: Failed to load /Game/FPWeapon/Materials/MaterialLayers/ML_SoftMetal_UE4.ML_SoftMetal_UE4 Referenced by M_FPGun
[2019.01.12-14.44.51:147][  0]LogLinker: Warning: Can't find file for asset '/Game/FPWeapon/Materials/MaterialLayers/ML_SoftMetal_UE4' while loading NULL.
[2019.01.12-14.44.51:147][  0]LoadErrors: Failed to load /Game/FPWeapon/Materials/MaterialLayers/ML_SoftMetal_UE4.ML_SoftMetal_UE4 Referenced by M_FPGun
[2019.01.12-14.44.51:147][  0]LogLinker: Warning: Can't find file '/Game/FPWeapon/Materials/MF_BaseColorTintAndContrast'
[2019.01.12-14.44.51:147][  0]LoadErrors: Failed to load /Game/FPWeapon/Materials/MF_BaseColorTintAndContrast.MF_BaseColorTintAndContrast Referenced by M_FPGun
[2019.01.12-14.44.51:147][  0]LogLinker: Warning: Can't find file for asset '/Game/FPWeapon/Materials/MF_BaseColorTintAndContrast' while loading NULL.
[2019.01.12-14.44.51:147][  0]LoadErrors: Failed to load /Game/FPWeapon/Materials/MF_BaseColorTintAndContrast.MF_BaseColorTintAndContrast Referenced by M_FPGun
[2019.01.12-14.44.51:148][  0]LogLinker: Warning: Can't find file '/Game/FPWeapon/Materials/MF_RoughnessAdjustment'
[2019.01.12-14.44.51:148][  0]LoadErrors: Failed to load /Game/FPWeapon/Materials/MF_RoughnessAdjustment.MF_RoughnessAdjustment Referenced by M_FPGun
[2019.01.12-14.44.51:148][  0]LogLinker: Warning: Can't find file for asset '/Game/FPWeapon/Materials/MF_RoughnessAdjustment' while loading NULL.
[2019.01.12-14.44.51:148][  0]LoadErrors: Failed to load /Game/FPWeapon/Materials/MF_RoughnessAdjustment.MF_RoughnessAdjustment Referenced by M_FPGun
[2019.01.12-14.44.51:148][  0]LogLinker: Warning: Can't find file '/Game/FPWeapon/Materials/MaterialLayers/ML_Plastic_Shiny_Beige'
[2019.01.12-14.44.51:148][  0]LoadErrors: Failed to load /Game/FPWeapon/Materials/MaterialLayers/ML_Plastic_Shiny_Beige.ML_Plastic_Shiny_Beige Referenced by M_FPGun
[2019.01.12-14.44.51:148][  0]LogLinker: Warning: Can't find file for asset '/Game/FPWeapon/Materials/MaterialLayers/ML_Plastic_Shiny_Beige' while loading NULL.
[2019.01.12-14.44.51:148][  0]LoadErrors: Failed to load /Game/FPWeapon/Materials/MaterialLayers/ML_Plastic_Shiny_Beige.ML_Plastic_Shiny_Beige Referenced by M_FPGun
[2019.01.12-14.44.51:148][  0]LogLinker: Warning: Can't find file '/Game/FPWeapon/Materials/MF_RoughnessAdjustment'
[2019.01.12-14.44.51:148][  0]LoadErrors: Failed to load /Game/FPWeapon/Materials/MF_RoughnessAdjustment.MF_RoughnessAdjustment Referenced by M_FPGun
[2019.01.12-14.44.51:148][  0]LogLinker: Warning: Can't find file for asset '/Game/FPWeapon/Materials/MF_RoughnessAdjustment' while loading NULL.
[2019.01.12-14.44.51:149][  0]LoadErrors: Failed to load /Game/FPWeapon/Materials/MF_RoughnessAdjustment.MF_RoughnessAdjustment Referenced by M_FPGun
[2019.01.12-14.44.51:149][  0]LogLinker: Warning: Can't find file '/Game/FPWeapon/Materials/MF_BaseColorTintAndContrast'
[2019.01.12-14.44.51:149][  0]LoadErrors: Failed to load /Game/FPWeapon/Materials/MF_BaseColorTintAndContrast.MF_BaseColorTintAndContrast Referenced by M_FPGun
[2019.01.12-14.44.51:149][  0]LogLinker: Warning: Can't find file for asset '/Game/FPWeapon/Materials/MF_BaseColorTintAndContrast' while loading NULL.
[2019.01.12-14.44.51:149][  0]LoadErrors: Failed to load /Game/FPWeapon/Materials/MF_BaseColorTintAndContrast.MF_BaseColorTintAndContrast Referenced by M_FPGun
[2019.01.12-14.44.51:149][  0]LogLinker: Warning: Can't find file '/Game/FPWeapon/Materials/MaterialLayers/ML_Plastic_Shiny_Beige_LOGO'
[2019.01.12-14.44.51:149][  0]LoadErrors: Failed to load /Game/FPWeapon/Materials/MaterialLayers/ML_Plastic_Shiny_Beige_LOGO.ML_Plastic_Shiny_Beige_LOGO Referenced by M_FPGun
[2019.01.12-14.44.51:149][  0]LogLinker: Warning: Can't find file for asset '/Game/FPWeapon/Materials/MaterialLayers/ML_Plastic_Shiny_Beige_LOGO' while loading NULL.
[2019.01.12-14.44.51:149][  0]LoadErrors: Failed to load /Game/FPWeapon/Materials/MaterialLayers/ML_Plastic_Shiny_Beige_LOGO.ML_Plastic_Shiny_Beige_LOGO Referenced by M_FPGun
[2019.01.12-14.44.51:149][  0]LogLinker: Warning: Can't find file '/Game/FPWeapon/Materials/MF_RoughnessAdjustment'
[2019.01.12-14.44.51:149][  0]LoadErrors: Failed to load /Game/FPWeapon/Materials/MF_RoughnessAdjustment.MF_RoughnessAdjustment Referenced by M_FPGun
[2019.01.12-14.44.51:150][  0]LogLinker: Warning: Can't find file for asset '/Game/FPWeapon/Materials/MF_RoughnessAdjustment' while loading NULL.
[2019.01.12-14.44.51:150][  0]LoadErrors: Failed to load /Game/FPWeapon/Materials/MF_RoughnessAdjustment.MF_RoughnessAdjustment Referenced by M_FPGun
[2019.01.12-14.44.51:150][  0]LogLinker: Warning: Can't find file '/Game/FPWeapon/Materials/MF_BaseColorTintAndContrast'
[2019.01.12-14.44.51:150][  0]LoadErrors: Failed to load /Game/FPWeapon/Materials/MF_BaseColorTintAndContrast.MF_BaseColorTintAndContrast Referenced by M_FPGun
[2019.01.12-14.44.51:150][  0]LogLinker: Warning: Can't find file for asset '/Game/FPWeapon/Materials/MF_BaseColorTintAndContrast' while loading NULL.
[2019.01.12-14.44.51:150][  0]LoadErrors: Failed to load /Game/FPWeapon/Materials/MF_BaseColorTintAndContrast.MF_BaseColorTintAndContrast Referenced by M_FPGun
[2019.01.12-14.44.51:150][  0]LogLinker: Warning: Can't find file '/Game/FPWeapon/Materials/MaterialLayers/ML_Plastic_Shiny_Beige'
[2019.01.12-14.44.51:150][  0]LoadErrors: Failed to load /Game/FPWeapon/Materials/MaterialLayers/ML_Plastic_Shiny_Beige.ML_Plastic_Shiny_Beige Referenced by MaterialExpressionMaterialFunctionCall_13
[2019.01.12-14.44.51:151][  0]LogLinker: Warning: Can't find file for asset '/Game/FPWeapon/Materials/MaterialLayers/ML_Plastic_Shiny_Beige' while loading NULL.
[2019.01.12-14.44.51:151][  0]LoadErrors: Failed to load /Game/FPWeapon/Materials/MaterialLayers/ML_Plastic_Shiny_Beige.ML_Plastic_Shiny_Beige Referenced by MaterialExpressionMaterialFunctionCall_13
[2019.01.12-14.44.51:151][  0]LogLinker: Warning: Can't find file '/Game/FPWeapon/Materials/MaterialLayers/ML_Plastic_Shiny_Beige_LOGO'
[2019.01.12-14.44.51:151][  0]LoadErrors: Failed to load /Game/FPWeapon/Materials/MaterialLayers/ML_Plastic_Shiny_Beige_LOGO.ML_Plastic_Shiny_Beige_LOGO Referenced by MaterialExpressionMaterialFunctionCall_3
[2019.01.12-14.44.51:151][  0]LogLinker: Warning: Can't find file for asset '/Game/FPWeapon/Materials/MaterialLayers/ML_Plastic_Shiny_Beige_LOGO' while loading NULL.
[2019.01.12-14.44.51:151][  0]LoadErrors: Failed to load /Game/FPWeapon/Materials/MaterialLayers/ML_Plastic_Shiny_Beige_LOGO.ML_Plastic_Shiny_Beige_LOGO Referenced by MaterialExpressionMaterialFunctionCall_3
[2019.01.12-14.44.51:151][  0]LogLinker: Warning: Can't find file '/Game/FPWeapon/Materials/MaterialLayers/ML_GlossyBlack_Latex_UE4'
[2019.01.12-14.44.51:151][  0]LoadErrors: Failed to load /Game/FPWeapon/Materials/MaterialLayers/ML_GlossyBlack_Latex_UE4.ML_GlossyBlack_Latex_UE4 Referenced by MaterialExpressionMaterialFunctionCall_8
[2019.01.12-14.44.51:151][  0]LogLinker: Warning: Can't find file for asset '/Game/FPWeapon/Materials/MaterialLayers/ML_GlossyBlack_Latex_UE4' while loading NULL.
[2019.01.12-14.44.51:151][  0]LoadErrors: Failed to load /Game/FPWeapon/Materials/MaterialLayers/ML_GlossyBlack_Latex_UE4.ML_GlossyBlack_Latex_UE4 Referenced by MaterialExpressionMaterialFunctionCall_8
[2019.01.12-14.44.51:152][  0]LogLinker: Warning: Can't find file '/Game/FPWeapon/Materials/MaterialLayers/ML_SoftMetal_UE4'
[2019.01.12-14.44.51:152][  0]LoadErrors: Failed to load /Game/FPWeapon/Materials/MaterialLayers/ML_SoftMetal_UE4.ML_SoftMetal_UE4 Referenced by MaterialExpressionMaterialFunctionCall_9
[2019.01.12-14.44.51:152][  0]LogLinker: Warning: Can't find file for asset '/Game/FPWeapon/Materials/MaterialLayers/ML_SoftMetal_UE4' while loading NULL.
[2019.01.12-14.44.51:152][  0]LoadErrors: Failed to load /Game/FPWeapon/Materials/MaterialLayers/ML_SoftMetal_UE4.ML_SoftMetal_UE4 Referenced by MaterialExpressionMaterialFunctionCall_9
[2019.01.12-14.44.51:152][  0]LogLinker: Warning: Can't find file '/Game/FPWeapon/Textures/T_FPGun_AO'
[2019.01.12-14.44.51:152][  0]LoadErrors: Failed to load /Game/FPWeapon/Textures/T_FPGun_AO.T_FPGun_AO Referenced by MaterialExpressionTextureSampleParameter2D_1
[2019.01.12-14.44.51:152][  0]LogLinker: Warning: Can't find file for asset '/Game/FPWeapon/Textures/T_FPGun_AO' while loading NULL.
[2019.01.12-14.44.51:152][  0]LoadErrors: Failed to load /Game/FPWeapon/Textures/T_FPGun_AO.T_FPGun_AO Referenced by MaterialExpressionTextureSampleParameter2D_1
[2019.01.12-14.44.51:153][  0]LogLinker: Warning: Can't find file '/Game/FPWeapon/Textures/T_FPGun_N'
[2019.01.12-14.44.51:153][  0]LoadErrors: Failed to load /Game/FPWeapon/Textures/T_FPGun_N.T_FPGun_N Referenced by MaterialExpressionTextureSampleParameter2D_2
[2019.01.12-14.44.51:153][  0]LogLinker: Warning: Can't find file for asset '/Game/FPWeapon/Textures/T_FPGun_N' while loading NULL.
[2019.01.12-14.44.51:153][  0]LoadErrors: Failed to load /Game/FPWeapon/Textures/T_FPGun_N.T_FPGun_N Referenced by MaterialExpressionTextureSampleParameter2D_2
[2019.01.12-14.44.51:153][  0]LogLinker: Warning: Can't find file '/Game/FPWeapon/Textures/T_FPGun_M'
[2019.01.12-14.44.51:153][  0]LoadErrors: Failed to load /Game/FPWeapon/Textures/T_FPGun_M.T_FPGun_M Referenced by MaterialExpressionTextureSampleParameter2D_3
[2019.01.12-14.44.51:153][  0]LogLinker: Warning: Can't find file for asset '/Game/FPWeapon/Textures/T_FPGun_M' while loading NULL.
[2019.01.12-14.44.51:153][  0]LoadErrors: Failed to load /Game/FPWeapon/Textures/T_FPGun_M.T_FPGun_M Referenced by MaterialExpressionTextureSampleParameter2D_3
[2019.01.12-14.44.51:575][  0]LogMaterial: Display: Missing cached shader map for material M_FPGun, compiling. 
[2019.01.12-14.44.51:594][  0]LogMaterial: Warning: C:\Users\Gonzalo\Documents\Unreal Projects\BossThirdPerson\BossThirdPerson\Content\MyMaterials\M_FPGun.uasset: Failed to compile Material for platform PCD3D_SM5, Default Material will be used in game.
[2019.01.12-14.44.51:594][  0]LogMaterial: 	Missing Material Function
[2019.01.12-14.44.51:594][  0]LogMaterial: 	(Node TextureSampleParameter2D) Param2D> Requires Texture2D
[2019.01.12-14.44.51:594][  0]LogMaterial: 	Function MatLayerBlend_NormalBlend: (Node MakeMaterialAttributes) Error on property Normal
[2019.01.12-14.44.51:594][  0]LogMaterial: 	Function MatLayerBlend_Simple: (Node MakeMaterialAttributes) Error on property Metallic
[2019.01.12-14.44.51:594][  0]LogMaterial: 	Function MatLayerBlend_Simple: (Node MakeMaterialAttributes) Error on property BaseColor
[2019.01.12-14.44.51:594][  0]LogMaterial: 	Function MatLayerBlend_AO: (Node MakeMaterialAttributes) Error on property BaseColor
[2019.01.12-14.44.51:594][  0]LogMaterial: 	Function MatLayerBlend_AO: (Node MakeMaterialAttributes) Error on property Specular
[2019.01.12-14.44.51:594][  0]LogMaterial: 	Function MatLayerBlend_Simple: (Node MakeMaterialAttributes) Error on property Roughness
[2019.01.12-14.44.51:758][  0]LogAIModule: Creating AISystem for world Test
[2019.01.12-14.44.51:765][  0]LogEditorServer: Finished looking for orphan Actors (0.000 secs)
[2019.01.12-14.44.51:785][  0]Cmd: MAP CHECKDEP NOCLEARLOG
[2019.01.12-14.44.51:901][  0]MapCheck: Map check complete: 0 Error(s), 0 Warning(s), took 115.818ms to complete.
[2019.01.12-14.44.51:901][  0]LogFileHelpers: Loading map 'Test' took 1.733
[2019.01.12-14.44.52:067][  0]LogSlate: Updating window title bar state: overlay mode, drag disabled, window buttons hidden, title bar hidden
[2019.01.12-14.44.52:074][  0]LogSlate: Updating window title bar state: overlay mode, drag disabled, window buttons hidden, title bar hidden
[2019.01.12-14.44.52:081][  0]LogSlate: Updating window title bar state: overlay mode, drag disabled, window buttons hidden, title bar hidden
[2019.01.12-14.44.52:087][  0]LogSlate: Updating window title bar state: overlay mode, drag disabled, window buttons hidden, title bar hidden
[2019.01.12-14.44.52:110][  0]LogCollectionManager: Loaded 0 collections in 0.004372 seconds
[2019.01.12-14.44.52:155][  0]LogFileCache: Scanning file cache for directory 'C:/Users/Gonzalo/Documents/Unreal Projects/BossThirdPerson/BossThirdPerson/Saved/Collections/' took 0.01s
[2019.01.12-14.44.52:155][  0]LogFileCache: Scanning file cache for directory 'C:/Users/Gonzalo/Documents/Unreal Projects/BossThirdPerson/BossThirdPerson/Content/Developers/Gonzalo/Collections/' took 0.01s
[2019.01.12-14.44.52:155][  0]LogFileCache: Scanning file cache for directory 'C:/Users/Gonzalo/Documents/Unreal Projects/BossThirdPerson/BossThirdPerson/Content/Collections/' took 0.01s
[2019.01.12-14.44.52:155][  0]LogCollectionManager: Rebuilt the GUID cache for 0 collections in 0.000000 seconds
[2019.01.12-14.44.52:164][  0]LogContentBrowser: Native class hierarchy populated in 0.0079 seconds. Added 2572 classes and 603 folders.
[2019.01.12-14.44.52:174][  0]LogContentBrowser: Native class hierarchy updated for 'WidgetCarousel' in 0.0002 seconds. Added 0 classes and 0 folders.
[2019.01.12-14.44.53:120][  0]LogContentBrowser: Native class hierarchy updated for 'AddContentDialog' in 0.0002 seconds. Added 0 classes and 0 folders.
[2019.01.12-14.44.53:127][  0]LogContentBrowser: Native class hierarchy updated for 'SceneOutliner' in 0.0003 seconds. Added 1 classes and 2 folders.
[2019.01.12-14.44.53:198][  0]LogSlate: Took 0.000305 seconds to synchronously load lazily loaded font '../../../Engine/Content/Slate/Fonts/Roboto-Regular.ttf' (155K)
[2019.01.12-14.44.53:200][  0]LogSlate: Took 0.000259 seconds to synchronously load lazily loaded font '../../../Engine/Content/Slate/Fonts/Roboto-Bold.ttf' (160K)
[2019.01.12-14.44.53:226][  0]LogSlate: Took 0.022239 seconds to synchronously load lazily loaded font '../../../Engine/Content/Editor/Slate/Fonts/FontAwesome.ttf' (139K)
[2019.01.12-14.44.53:404][  0]LogRenderer: Reallocating scene render targets to support 936x436 Format 10 NumSamples 1 (Frame:1).
[2019.01.12-14.44.53:460][  0]LogSlate: Took 0.014859 seconds to synchronously load lazily loaded font '../../../Engine/Content/Slate/Fonts/Roboto-Light.ttf' (167K)
[2019.01.12-14.44.53:548][  0]LogContentBrowser: Native class hierarchy updated for 'HierarchicalLODOutliner' in 0.0002 seconds. Added 0 classes and 0 folders.
[2019.01.12-14.44.53:548][  0]LogLoad: (Engine Initialization) Total time: 13.61 seconds
[2019.01.12-14.44.53:548][  0]LogLoad: (Engine Initialization) Total Blueprint compile time: 0.00 seconds
[2019.01.12-14.44.53:557][  0]LogWindowsTextInputMethodSystem: Display: IME system now deactivated.
[2019.01.12-14.44.53:578][  0]LogContentStreaming: Texture pool size now 1000 MB
[2019.01.12-14.44.53:583][  0]LogSlate: FSceneViewport::OnFocusLost() reason 2
[2019.01.12-14.44.53:768][  1]LogAssetRegistry: Asset discovery search completed in 7.3160 seconds
[2019.01.12-14.44.53:769][  1]LogCollectionManager: Rebuilt the object cache for 0 collections in 0.000000 seconds (found 0 objects)
[2019.01.12-14.44.53:769][  1]LogCollectionManager: Fixed up redirectors for 0 collections in 0.000048 seconds (updated 0 objects)
[2019.01.12-14.44.54:570][ 34]LogSlate: Took 0.000303 seconds to synchronously load lazily loaded font '../../../Engine/Content/Slate/Fonts/Roboto-Light.ttf' (167K)
[2019.01.12-14.45.03:580][113]LogSlate: Window 'Message Log' being destroyed
[2019.01.12-14.45.03:582][113]LogSlate: Window 'Message Log' being destroyed
[2019.01.12-14.45.11:275][ 31]LogSlate: FSceneViewport::OnFocusLost() reason 0
[2019.01.12-14.45.11:682][ 50]LogAssetEditorManager: Opening Asset editor for BlendSpace /Game/MyAnimations/Boss/Boss_2DBS.Boss_2DBS
[2019.01.12-14.45.12:333][ 50]LogContentBrowser: Native class hierarchy updated for 'SkeletonEditor' in 0.0003 seconds. Added 1 classes and 2 folders.
[2019.01.12-14.45.12:950][ 50]LogActorComponent: RegisterComponentWithWorld: (/Engine/Transient.World_0:PersistentLevel.AnimationEditorPreviewActor_0.DebugSkelMeshComponent_0) Already registered. Aborting.
[2019.01.12-14.45.12:992][ 50]LogContentBrowser: Native class hierarchy updated for 'PinnedCommandList' in 0.0002 seconds. Added 1 classes and 0 folders.
[2019.01.12-14.45.13:173][ 50]LogSkeletalMesh: USkeletalMeshComponent::InitArticulated : Bodies already created (/Engine/Transient.World_0:PersistentLevel.AnimationEditorPreviewActor_0.DebugSkelMeshComponent_0) - call TermArticulated first.
[2019.01.12-14.45.13:732][ 50]LogContentBrowser: Native class hierarchy updated for 'ClothingSystemEditorInterface' in 0.0002 seconds. Added 1 classes and 0 folders.
[2019.01.12-14.45.13:744][ 50]LogContentBrowser: Verbose: The majority of assets in the view are of type: AnimSequence
[2019.01.12-14.45.27:797][683]LogSlate: Window 'Boss_2DBS' being destroyed
[2019.01.12-14.45.56:313][925]LogHttp: Warning: 00000224C0144400: request failed, libcurl error: 6 (Couldn't resolve host name)
[2019.01.12-14.45.56:313][925]LogHttp: Warning: 00000224C0144400: libcurl info message cache 0 (Could not resolve host: datarouter.ol.epicgames.com)
[2019.01.12-14.45.56:313][925]LogHttp: Warning: 00000224C0144400: libcurl info message cache 1 (Closing connection 0)
